<?xml version="1.0" encoding="UTF-8"?>
<!-- Generated by org.testng.reporters.JUnitReportReporter -->
<testsuite hostname="QT-INBG-LT0327" failures="0" tests="3" name="Mobile.Search" time="90.897" errors="0" timestamp="2022-06-16T20:04:13 IST" skipped="0">
  <testcase classname="Mobile.Search" name="Lanching_the_Browser" time="25.719"/>
  <system-out/>
  <testcase classname="Mobile.Search" name="search" time="48.923"/>
  <system-out/>
  <testcase classname="Mobile.Search" name="Order" time="16.255"/>
  <system-out/>
</testsuite> <!-- Mobile.Search -->
