<?xml version="1.0" encoding="UTF-8"?>
<!-- Generated by org.testng.reporters.JUnitReportReporter -->
<testsuite hostname="QT-INBG-LT0327" failures="0" tests="2" name="Mobile.Login" time="23.170" errors="0" timestamp="2022-06-16T20:04:13 IST" skipped="0">
  <testcase classname="Mobile.Login" name="Sigup_for_mobiles" time="7.449"/>
  <system-out/>
  <testcase classname="Mobile.Login" name="Lanching_the_Browser" time="15.721"/>
  <system-out/>
</testsuite> <!-- Mobile.Login -->
