<?xml version="1.0" encoding="UTF-8"?>
<!-- Generated by org.testng.reporters.JUnitReportReporter -->
<testsuite hostname="QT-INBG-LT0327" failures="0" tests="1" name="Mobile.Launch" time="31.617" errors="0" timestamp="2022-06-16T20:04:13 IST" skipped="0">
  <testcase classname="Mobile.Launch" name="Lanching_the_Browser" time="31.617"/>
  <system-out/>
</testsuite> <!-- Mobile.Launch -->
