<?xml version="1.0" encoding="UTF-8"?>
<!-- Generated by org.testng.reporters.JUnitReportReporter -->
<testsuite hostname="QT-INBG-LT0327" failures="0" tests="2" name="Mobile.Contactus" time="44.297" errors="0" timestamp="2022-06-16T20:04:13 IST" skipped="0">
  <testcase classname="Mobile.Contactus" name="Lanching_the_Browser" time="34.601"/>
  <system-out/>
  <testcase classname="Mobile.Contactus" name="contactUs" time="9.696"/>
  <system-out/>
</testsuite> <!-- Mobile.Contactus -->
